<?xml version="1.0" encoding="UTF-8"?>
<coverage generated="1764156806">
  <project timestamp="1764156806">
    <file name="C:\Users\modes\Desktop\MyWeeklyAllowance\src\Teenager.php">
      <class name="MyWeeklyAllowance\Teenager" namespace="global">
        <metrics complexity="13" methods="9" coveredmethods="9" conditionals="0" coveredconditionals="0" statements="20" coveredstatements="20" elements="29" coveredelements="29"/>
      </class>
      <line num="17" type="method" name="__construct" visibility="public" complexity="1" crap="1" count="16"/>
      <line num="19" type="stmt" count="16"/>
      <line num="20" type="stmt" count="16"/>
      <line num="21" type="stmt" count="16"/>
      <line num="22" type="stmt" count="16"/>
      <line num="25" type="method" name="getName" visibility="public" complexity="1" crap="1" count="2"/>
      <line num="27" type="stmt" count="2"/>
      <line num="30" type="method" name="getEmail" visibility="public" complexity="1" crap="1" count="2"/>
      <line num="32" type="stmt" count="2"/>
      <line num="35" type="method" name="getBalance" visibility="public" complexity="1" crap="1" count="7"/>
      <line num="37" type="stmt" count="7"/>
      <line num="40" type="method" name="getWeeklyAllocation" visibility="public" complexity="1" crap="1" count="1"/>
      <line num="42" type="stmt" count="1"/>
      <line num="45" type="method" name="setWeeklyAllocation" visibility="public" complexity="2" crap="2" count="4"/>
      <line num="47" type="stmt" count="4"/>
      <line num="48" type="stmt" count="1"/>
      <line num="51" type="stmt" count="3"/>
      <line num="54" type="method" name="applyWeeklyAllocation" visibility="public" complexity="1" crap="1" count="2"/>
      <line num="56" type="stmt" count="2"/>
      <line num="59" type="method" name="increaseBalance" visibility="public" complexity="2" crap="2" count="5"/>
      <line num="61" type="stmt" count="5"/>
      <line num="62" type="stmt" count="1"/>
      <line num="65" type="stmt" count="4"/>
      <line num="68" type="method" name="decreaseBalance" visibility="public" complexity="3" crap="3" count="5"/>
      <line num="70" type="stmt" count="5"/>
      <line num="71" type="stmt" count="2"/>
      <line num="74" type="stmt" count="3"/>
      <line num="75" type="stmt" count="2"/>
      <line num="78" type="stmt" count="1"/>
      <metrics loc="81" ncloc="78" classes="1" methods="9" coveredmethods="9" conditionals="0" coveredconditionals="0" statements="20" coveredstatements="20" elements="29" coveredelements="29"/>
    </file>
    <file name="C:\Users\modes\Desktop\MyWeeklyAllowance\src\Tutor.php">
      <class name="MyWeeklyAllowance\Tutor" namespace="global">
        <metrics complexity="10" methods="7" coveredmethods="7" conditionals="0" coveredconditionals="0" statements="14" coveredstatements="14" elements="21" coveredelements="21"/>
      </class>
      <line num="15" type="method" name="__construct" visibility="public" complexity="1" crap="1" count="11"/>
      <line num="17" type="stmt" count="11"/>
      <line num="18" type="stmt" count="11"/>
      <line num="21" type="method" name="getName" visibility="public" complexity="1" crap="1" count="1"/>
      <line num="23" type="stmt" count="1"/>
      <line num="26" type="method" name="getEmail" visibility="public" complexity="1" crap="1" count="1"/>
      <line num="28" type="stmt" count="1"/>
      <line num="31" type="method" name="createTeenagerAccount" visibility="public" complexity="1" crap="1" count="10"/>
      <line num="33" type="stmt" count="10"/>
      <line num="36" type="method" name="deposit" visibility="public" complexity="2" crap="2" count="5"/>
      <line num="38" type="stmt" count="5"/>
      <line num="39" type="stmt" count="1"/>
      <line num="42" type="stmt" count="4"/>
      <line num="45" type="method" name="recordExpense" visibility="public" complexity="3" crap="3" count="3"/>
      <line num="48" type="stmt" count="3"/>
      <line num="49" type="stmt" count="2"/>
      <line num="51" type="stmt" count="2"/>
      <line num="52" type="stmt" count="1"/>
      <line num="55" type="stmt" count="1"/>
      <line num="59" type="method" name="setWeeklyAllocation" visibility="public" complexity="1" crap="1" count="3"/>
      <line num="61" type="stmt" count="3"/>
      <metrics loc="64" ncloc="60" classes="1" methods="7" coveredmethods="7" conditionals="0" coveredconditionals="0" statements="14" coveredstatements="14" elements="21" coveredelements="21"/>
    </file>
    <metrics files="2" loc="145" ncloc="138" classes="2" methods="16" coveredmethods="16" conditionals="0" coveredconditionals="0" statements="34" coveredstatements="34" elements="50" coveredelements="50"/>
  </project>
</coverage>
